[  0%] Built target std_msgs_generate_messages_py
[  0%] Built target geometry_msgs_generate_messages_py
[  0%] Built target geographic_msgs_generate_messages_py
[  0%] Built target std_msgs_generate_messages_cpp
[  0%] Built target geometry_msgs_generate_messages_cpp
[  0%] Built target geographic_msgs_generate_messages_cpp
[  0%] Built target _robot_localization_generate_messages_check_deps_SetPose
[  0%] Built target _robot_localization_generate_messages_check_deps_GetState
[  0%] Built target _robot_localization_generate_messages_check_deps_SetUTMZone
[  0%] Built target _robot_localization_generate_messages_check_deps_ToLL
[  0%] Built target std_msgs_generate_messages_eus
[  0%] Built target _robot_localization_generate_messages_check_deps_SetDatum
[  0%] Built target geometry_msgs_generate_messages_eus
[  0%] Built target geographic_msgs_generate_messages_eus
[  0%] Built target std_msgs_generate_messages_lisp
[  0%] Built target geometry_msgs_generate_messages_lisp
[  0%] Built target geographic_msgs_generate_messages_lisp
[  0%] Built target std_msgs_generate_messages_nodejs
[  0%] Built target _robot_localization_generate_messages_check_deps_ToggleFilterProcessing
[  0%] Built target _robot_localization_generate_messages_check_deps_FromLL
[  0%] Built target geometry_msgs_generate_messages_nodejs
[  0%] Built target geographic_msgs_generate_messages_nodejs
[  3%] Built target filter_utilities
[ 20%] Built target robot_localization_generate_messages_lisp
[ 24%] Built target robot_localization_generate_messages_py
[ 35%] Built target robot_localization_generate_messages_eus
[ 45%] Built target robot_localization_generate_messages_cpp
[ 54%] Built target robot_localization_generate_messages_nodejs
[ 58%] Built target test_ros_robot_localization_listener_publisher
[ 58%] Built target robot_localization_gencpp
[ 61%] Built target ros_filter_utilities
[ 61%] Built target robot_localization_generate_messages
[ 62%] Built target filter_base
[ 67%] Built target navsat_transform
[ 69%] Built target ukf
[ 69%] Built target ekf
[ 75%] Built target navsat_transform_node
[ 75%] Built target navsat_transform_nodelet
[ 79%] Built target robot_localization_estimator
[ 80%] Built target ros_filter
[ 83%] Built target ros_robot_localization_listener
[ 87%] Built target ekf_localization_nodelet
[ 90%] Built target ukf_localization_nodelet
[ 93%] Built target ekf_localization_node
[ 96%] Built target ukf_localization_node
[100%] Built target robot_localization_listener_node
