[  0%] Built target geographic_msgs_generate_messages_py
[  0%] Built target std_msgs_generate_messages_py
[  0%] Built target geometry_msgs_generate_messages_py
[  0%] Built target std_msgs_generate_messages_cpp
[  0%] Built target _robot_localization_generate_messages_check_deps_GetState
[  0%] Built target geometry_msgs_generate_messages_cpp
[  0%] Built target _robot_localization_generate_messages_check_deps_ToLL
[  0%] Built target _robot_localization_generate_messages_check_deps_SetDatum
[  0%] Built target _robot_localization_generate_messages_check_deps_SetPose
[  0%] Built target _robot_localization_generate_messages_check_deps_ToggleFilterProcessing
[  0%] Built target geographic_msgs_generate_messages_cpp
[  0%] Built target _robot_localization_generate_messages_check_deps_SetUTMZone
[  0%] Built target _robot_localization_generate_messages_check_deps_FromLL
[  0%] Built target std_msgs_generate_messages_eus
[  0%] Built target geographic_msgs_generate_messages_eus
[  0%] Built target std_msgs_generate_messages_lisp
[  0%] Built target geometry_msgs_generate_messages_eus
[  0%] Built target geometry_msgs_generate_messages_lisp
[  0%] Built target std_msgs_generate_messages_nodejs
[  0%] Built target geographic_msgs_generate_messages_lisp
[  0%] Built target geometry_msgs_generate_messages_nodejs
[  0%] Built target geographic_msgs_generate_messages_nodejs
[ 11%] Built target robot_localization_generate_messages_py
[ 20%] Built target robot_localization_generate_messages_cpp
[ 30%] Built target robot_localization_generate_messages_lisp
[ 41%] Built target robot_localization_generate_messages_eus
[ 51%] Built target robot_localization_generate_messages_nodejs
[ 54%] Built target filter_utilities
[ 58%] Built target test_ros_robot_localization_listener_publisher
[ 58%] Built target robot_localization_gencpp
[ 58%] Built target robot_localization_generate_messages
[ 61%] Built target ros_filter_utilities
[ 62%] Built target filter_base
[ 64%] Built target ekf
[ 67%] Built target ukf
[ 69%] Built target navsat_transform
[ 72%] Built target robot_localization_estimator
[ 74%] Built target ros_filter
[ 79%] Built target navsat_transform_nodelet
[ 80%] Built target navsat_transform_node
[ 83%] Built target ros_robot_localization_listener
[ 90%] Built target ekf_localization_node
[ 90%] Built target ukf_localization_nodelet
[ 93%] Built target ekf_localization_nodelet
[ 96%] Built target ukf_localization_node
[100%] Built target robot_localization_listener_node
